2024-10-04 13:00:01,751	INFO	module:_logger
This is BioCypher v0.6.0.
2024-10-04 13:00:01,752	INFO	module:_logger
Logging into `biocypher-log/biocypher-20241004-130001.log`.
2024-10-04 13:00:01,753	DEBUG	module:_get
Loading module biocypher._get.
2024-10-04 13:00:02,087	DEBUG	module:_misc
Loading module biocypher._misc.
2024-10-04 13:00:09,652	DEBUG	module:_core
Loading module biocypher._core.
2024-10-04 13:00:09,662	DEBUG	module:_create
Loading module biocypher._create.
2024-10-04 13:00:09,667	DEBUG	module:_mapping
Loading module biocypher._mapping.
2024-10-04 13:00:09,676	DEBUG	module:_ontology
Loading module biocypher._ontology.
2024-10-04 13:00:09,975	DEBUG	module:_translate
Loading module biocypher._translate.
2024-10-04 13:00:09,977	DEBUG	module:_deduplicate
Loading module biocypher._deduplicate.
2024-10-04 13:00:10,039	DEBUG	module:_get_writer
Loading module biocypher.output.write._get_writer.
2024-10-04 13:00:10,065	DEBUG	module:_neo4j_driver
Loading module biocypher.output.connect._neo4j_driver.
2024-10-04 13:00:11,353	INFO	module:_core
Running BioCypher with schema configuration from /mnt/c/users/kidus/desktop/project files/galaxy_tibebe/galaxy_tool/annotationBackend/app/../config/schema_config.yaml.
