2024-10-09 00:10:58,263	INFO	module:_logger
This is BioCypher v0.6.0.
2024-10-09 00:10:58,264	INFO	module:_logger
Logging into `biocypher-log/biocypher-20241009-001058.log`.
2024-10-09 00:10:58,265	DEBUG	module:_get
Loading module biocypher._get.
2024-10-09 00:10:58,296	DEBUG	module:_misc
Loading module biocypher._misc.
2024-10-09 00:10:59,165	DEBUG	module:_core
Loading module biocypher._core.
2024-10-09 00:10:59,166	DEBUG	module:_create
Loading module biocypher._create.
2024-10-09 00:10:59,170	DEBUG	module:_mapping
Loading module biocypher._mapping.
2024-10-09 00:10:59,171	DEBUG	module:_ontology
Loading module biocypher._ontology.
2024-10-09 00:10:59,233	DEBUG	module:_translate
Loading module biocypher._translate.
2024-10-09 00:10:59,234	DEBUG	module:_deduplicate
Loading module biocypher._deduplicate.
2024-10-09 00:10:59,240	DEBUG	module:_get_writer
Loading module biocypher.output.write._get_writer.
2024-10-09 00:10:59,241	DEBUG	module:_neo4j_driver
Loading module biocypher.output.connect._neo4j_driver.
2024-10-09 00:10:59,573	INFO	module:_core
Running BioCypher with schema configuration from /mnt/c/users/kidus/desktop/project files/galaxy_tibebe/galaxy_tool/annotationBackend/app/../config/schema_config.yaml.
