2024-10-03 16:49:24,193	INFO	module:_logger
This is BioCypher v0.6.0.
2024-10-03 16:49:24,194	INFO	module:_logger
Logging into `biocypher-log/biocypher-20241003-164924.log`.
2024-10-03 16:49:24,195	DEBUG	module:_get
Loading module biocypher._get.
2024-10-03 16:49:24,233	DEBUG	module:_misc
Loading module biocypher._misc.
2024-10-03 16:49:25,712	DEBUG	module:_core
Loading module biocypher._core.
2024-10-03 16:49:25,712	DEBUG	module:_create
Loading module biocypher._create.
2024-10-03 16:49:25,717	DEBUG	module:_mapping
Loading module biocypher._mapping.
2024-10-03 16:49:25,718	DEBUG	module:_ontology
Loading module biocypher._ontology.
2024-10-03 16:49:25,985	DEBUG	module:_translate
Loading module biocypher._translate.
2024-10-03 16:49:25,989	DEBUG	module:_deduplicate
Loading module biocypher._deduplicate.
2024-10-03 16:49:26,011	DEBUG	module:_get_writer
Loading module biocypher.output.write._get_writer.
2024-10-03 16:49:26,013	DEBUG	module:_neo4j_driver
Loading module biocypher.output.connect._neo4j_driver.
