2024-10-04 12:48:36,729	INFO	module:_logger
This is BioCypher v0.6.0.
2024-10-04 12:48:36,730	INFO	module:_logger
Logging into `biocypher-log/biocypher-20241004-124836.log`.
2024-10-04 12:48:36,731	DEBUG	module:_get
Loading module biocypher._get.
2024-10-04 12:48:37,215	DEBUG	module:_misc
Loading module biocypher._misc.
2024-10-04 12:48:55,076	DEBUG	module:_core
Loading module biocypher._core.
2024-10-04 12:48:55,089	DEBUG	module:_create
Loading module biocypher._create.
2024-10-04 12:48:55,097	DEBUG	module:_mapping
Loading module biocypher._mapping.
2024-10-04 12:48:55,104	DEBUG	module:_ontology
Loading module biocypher._ontology.
2024-10-04 12:48:55,377	DEBUG	module:_translate
Loading module biocypher._translate.
2024-10-04 12:48:55,379	DEBUG	module:_deduplicate
Loading module biocypher._deduplicate.
2024-10-04 12:48:55,462	DEBUG	module:_get_writer
Loading module biocypher.output.write._get_writer.
2024-10-04 12:48:55,464	DEBUG	module:_neo4j_driver
Loading module biocypher.output.connect._neo4j_driver.
