2024-10-03 16:40:53,696	INFO	module:_logger
This is BioCypher v0.6.0.
2024-10-03 16:40:53,696	INFO	module:_logger
Logging into `biocypher-log/biocypher-20241003-164053.log`.
2024-10-03 16:40:53,697	DEBUG	module:_get
Loading module biocypher._get.
2024-10-03 16:40:53,740	DEBUG	module:_misc
Loading module biocypher._misc.
2024-10-03 16:40:55,047	DEBUG	module:_core
Loading module biocypher._core.
2024-10-03 16:40:55,047	DEBUG	module:_create
Loading module biocypher._create.
2024-10-03 16:40:55,052	DEBUG	module:_mapping
Loading module biocypher._mapping.
2024-10-03 16:40:55,053	DEBUG	module:_ontology
Loading module biocypher._ontology.
2024-10-03 16:40:55,137	DEBUG	module:_translate
Loading module biocypher._translate.
2024-10-03 16:40:55,138	DEBUG	module:_deduplicate
Loading module biocypher._deduplicate.
2024-10-03 16:40:55,155	DEBUG	module:_get_writer
Loading module biocypher.output.write._get_writer.
2024-10-03 16:40:55,158	DEBUG	module:_neo4j_driver
Loading module biocypher.output.connect._neo4j_driver.
