2024-10-04 13:08:48,352	INFO	module:_logger
This is BioCypher v0.6.0.
2024-10-04 13:08:48,353	INFO	module:_logger
Logging into `biocypher-log/biocypher-20241004-130848.log`.
2024-10-04 13:08:48,354	DEBUG	module:_get
Loading module biocypher._get.
2024-10-04 13:08:48,591	DEBUG	module:_misc
Loading module biocypher._misc.
2024-10-04 13:08:55,790	DEBUG	module:_core
Loading module biocypher._core.
2024-10-04 13:08:55,796	DEBUG	module:_create
Loading module biocypher._create.
2024-10-04 13:08:55,801	DEBUG	module:_mapping
Loading module biocypher._mapping.
2024-10-04 13:08:55,811	DEBUG	module:_ontology
Loading module biocypher._ontology.
2024-10-04 13:08:56,066	DEBUG	module:_translate
Loading module biocypher._translate.
2024-10-04 13:08:56,067	DEBUG	module:_deduplicate
Loading module biocypher._deduplicate.
2024-10-04 13:08:56,116	DEBUG	module:_get_writer
Loading module biocypher.output.write._get_writer.
2024-10-04 13:08:56,118	DEBUG	module:_neo4j_driver
Loading module biocypher.output.connect._neo4j_driver.
2024-10-04 13:08:57,030	INFO	module:_core
Running BioCypher with schema configuration from /mnt/c/users/kidus/desktop/project files/galaxy_tibebe/galaxy_tool/annotationBackend/app/../config/schema_config.yaml.
