2024-10-09 01:05:23,496	INFO	module:_logger
This is BioCypher v0.6.0.
2024-10-09 01:05:23,496	INFO	module:_logger
Logging into `biocypher-log/biocypher-20241009-010523.log`.
2024-10-09 01:05:23,497	DEBUG	module:_get
Loading module biocypher._get.
2024-10-09 01:05:23,680	DEBUG	module:_misc
Loading module biocypher._misc.
2024-10-09 01:05:28,652	DEBUG	module:_core
Loading module biocypher._core.
2024-10-09 01:05:28,666	DEBUG	module:_create
Loading module biocypher._create.
2024-10-09 01:05:28,670	DEBUG	module:_mapping
Loading module biocypher._mapping.
2024-10-09 01:05:28,680	DEBUG	module:_ontology
Loading module biocypher._ontology.
2024-10-09 01:05:28,900	DEBUG	module:_translate
Loading module biocypher._translate.
2024-10-09 01:05:28,901	DEBUG	module:_deduplicate
Loading module biocypher._deduplicate.
2024-10-09 01:05:28,962	DEBUG	module:_get_writer
Loading module biocypher.output.write._get_writer.
2024-10-09 01:05:28,965	DEBUG	module:_neo4j_driver
Loading module biocypher.output.connect._neo4j_driver.
2024-10-09 01:05:29,703	INFO	module:_core
Running BioCypher with schema configuration from /mnt/c/users/kidus/desktop/project files/galaxy_tibebe/galaxy_tool/annotationBackend/app/../config/schema_config.yaml.
