2024-10-09 10:40:17,582	INFO	module:_logger
This is BioCypher v0.6.0.
2024-10-09 10:40:17,583	INFO	module:_logger
Logging into `biocypher-log/biocypher-20241009-104017.log`.
2024-10-09 10:40:17,585	DEBUG	module:_get
Loading module biocypher._get.
2024-10-09 10:40:17,628	DEBUG	module:_misc
Loading module biocypher._misc.
2024-10-09 10:40:18,534	DEBUG	module:_core
Loading module biocypher._core.
2024-10-09 10:40:18,536	DEBUG	module:_create
Loading module biocypher._create.
2024-10-09 10:40:18,540	DEBUG	module:_mapping
Loading module biocypher._mapping.
2024-10-09 10:40:18,542	DEBUG	module:_ontology
Loading module biocypher._ontology.
2024-10-09 10:40:18,619	DEBUG	module:_translate
Loading module biocypher._translate.
2024-10-09 10:40:18,620	DEBUG	module:_deduplicate
Loading module biocypher._deduplicate.
2024-10-09 10:40:18,630	DEBUG	module:_get_writer
Loading module biocypher.output.write._get_writer.
2024-10-09 10:40:18,632	DEBUG	module:_neo4j_driver
Loading module biocypher.output.connect._neo4j_driver.
2024-10-09 10:40:19,111	INFO	module:_core
Running BioCypher with schema configuration from /mnt/c/users/kidus/desktop/project files/galaxy_tibebe/galaxy_tool/annotationBackend/app/../config/schema_config.yaml.
