2024-10-07 15:26:36,717	INFO	module:_logger
This is BioCypher v0.6.0.
2024-10-07 15:26:36,736	INFO	module:_logger
Logging into `biocypher-log/biocypher-20241007-152636.log`.
2024-10-07 15:26:36,739	DEBUG	module:_get
Loading module biocypher._get.
2024-10-07 15:26:37,356	DEBUG	module:_misc
Loading module biocypher._misc.
2024-10-07 15:26:50,414	DEBUG	module:_core
Loading module biocypher._core.
2024-10-07 15:26:50,440	DEBUG	module:_create
Loading module biocypher._create.
2024-10-07 15:26:50,488	DEBUG	module:_mapping
Loading module biocypher._mapping.
2024-10-07 15:26:50,505	DEBUG	module:_ontology
Loading module biocypher._ontology.
2024-10-07 15:26:50,911	DEBUG	module:_translate
Loading module biocypher._translate.
2024-10-07 15:26:50,913	DEBUG	module:_deduplicate
Loading module biocypher._deduplicate.
2024-10-07 15:26:50,960	DEBUG	module:_get_writer
Loading module biocypher.output.write._get_writer.
2024-10-07 15:26:50,964	DEBUG	module:_neo4j_driver
Loading module biocypher.output.connect._neo4j_driver.
2024-10-07 15:26:52,408	INFO	module:_core
Running BioCypher with schema configuration from /mnt/c/users/kidus/desktop/project files/galaxy_tibebe/galaxy_tool/annotationBackend/app/../config/schema_config.yaml.
