2024-10-09 10:36:32,784	INFO	module:_logger
This is BioCypher v0.6.0.
2024-10-09 10:36:32,785	INFO	module:_logger
Logging into `biocypher-log/biocypher-20241009-103632.log`.
2024-10-09 10:36:32,786	DEBUG	module:_get
Loading module biocypher._get.
2024-10-09 10:36:33,425	DEBUG	module:_misc
Loading module biocypher._misc.
2024-10-09 10:36:49,397	DEBUG	module:_core
Loading module biocypher._core.
2024-10-09 10:36:49,440	DEBUG	module:_create
Loading module biocypher._create.
2024-10-09 10:36:49,453	DEBUG	module:_mapping
Loading module biocypher._mapping.
2024-10-09 10:36:49,471	DEBUG	module:_ontology
Loading module biocypher._ontology.
2024-10-09 10:36:50,805	DEBUG	module:_translate
Loading module biocypher._translate.
2024-10-09 10:36:50,833	DEBUG	module:_deduplicate
Loading module biocypher._deduplicate.
2024-10-09 10:36:51,104	DEBUG	module:_get_writer
Loading module biocypher.output.write._get_writer.
2024-10-09 10:36:51,143	DEBUG	module:_neo4j_driver
Loading module biocypher.output.connect._neo4j_driver.
2024-10-09 10:36:54,312	INFO	module:_core
Running BioCypher with schema configuration from /mnt/c/users/kidus/desktop/project files/galaxy_tibebe/galaxy_tool/annotationBackend/app/../config/schema_config.yaml.
