2024-10-09 00:28:22,916	INFO	module:_logger
This is BioCypher v0.6.0.
2024-10-09 00:28:22,917	INFO	module:_logger
Logging into `biocypher-log/biocypher-20241009-002822.log`.
2024-10-09 00:28:22,918	DEBUG	module:_get
Loading module biocypher._get.
2024-10-09 00:28:23,364	DEBUG	module:_misc
Loading module biocypher._misc.
2024-10-09 00:28:37,270	DEBUG	module:_core
Loading module biocypher._core.
2024-10-09 00:28:37,280	DEBUG	module:_create
Loading module biocypher._create.
2024-10-09 00:28:37,285	DEBUG	module:_mapping
Loading module biocypher._mapping.
2024-10-09 00:28:37,295	DEBUG	module:_ontology
Loading module biocypher._ontology.
2024-10-09 00:28:37,725	DEBUG	module:_translate
Loading module biocypher._translate.
2024-10-09 00:28:37,727	DEBUG	module:_deduplicate
Loading module biocypher._deduplicate.
2024-10-09 00:28:37,782	DEBUG	module:_get_writer
Loading module biocypher.output.write._get_writer.
2024-10-09 00:28:37,784	DEBUG	module:_neo4j_driver
Loading module biocypher.output.connect._neo4j_driver.
2024-10-09 00:28:38,566	INFO	module:_core
Running BioCypher with schema configuration from /mnt/c/users/kidus/desktop/project files/galaxy_tibebe/galaxy_tool/annotationBackend/app/../config/schema_config.yaml.
