2024-10-03 16:38:50,082	INFO	module:_logger
This is BioCypher v0.6.0.
2024-10-03 16:38:50,084	INFO	module:_logger
Logging into `biocypher-log/biocypher-20241003-163850.log`.
2024-10-03 16:38:50,087	DEBUG	module:_get
Loading module biocypher._get.
2024-10-03 16:38:50,692	DEBUG	module:_misc
Loading module biocypher._misc.
2024-10-03 16:39:09,381	DEBUG	module:_core
Loading module biocypher._core.
2024-10-03 16:39:09,403	DEBUG	module:_create
Loading module biocypher._create.
2024-10-03 16:39:09,422	DEBUG	module:_mapping
Loading module biocypher._mapping.
2024-10-03 16:39:09,423	DEBUG	module:_ontology
Loading module biocypher._ontology.
2024-10-03 16:39:10,396	DEBUG	module:_translate
Loading module biocypher._translate.
2024-10-03 16:39:10,399	DEBUG	module:_deduplicate
Loading module biocypher._deduplicate.
2024-10-03 16:39:10,476	DEBUG	module:_get_writer
Loading module biocypher.output.write._get_writer.
2024-10-03 16:39:10,492	DEBUG	module:_neo4j_driver
Loading module biocypher.output.connect._neo4j_driver.
