2024-10-09 00:17:21,067	INFO	module:_logger
This is BioCypher v0.6.0.
2024-10-09 00:17:21,069	INFO	module:_logger
Logging into `biocypher-log/biocypher-20241009-001721.log`.
2024-10-09 00:17:21,072	DEBUG	module:_get
Loading module biocypher._get.
2024-10-09 00:17:21,094	DEBUG	module:_misc
Loading module biocypher._misc.
2024-10-09 00:17:21,906	DEBUG	module:_core
Loading module biocypher._core.
2024-10-09 00:17:21,908	DEBUG	module:_create
Loading module biocypher._create.
2024-10-09 00:17:21,918	DEBUG	module:_mapping
Loading module biocypher._mapping.
2024-10-09 00:17:21,920	DEBUG	module:_ontology
Loading module biocypher._ontology.
2024-10-09 00:17:22,013	DEBUG	module:_translate
Loading module biocypher._translate.
2024-10-09 00:17:22,014	DEBUG	module:_deduplicate
Loading module biocypher._deduplicate.
2024-10-09 00:17:22,021	DEBUG	module:_get_writer
Loading module biocypher.output.write._get_writer.
2024-10-09 00:17:22,022	DEBUG	module:_neo4j_driver
Loading module biocypher.output.connect._neo4j_driver.
2024-10-09 00:17:22,304	INFO	module:_core
Running BioCypher with schema configuration from /mnt/c/users/kidus/desktop/project files/galaxy_tibebe/galaxy_tool/annotationBackend/app/../config/schema_config.yaml.
