2024-10-03 17:09:07,604	INFO	module:_logger
This is BioCypher v0.6.0.
2024-10-03 17:09:07,606	INFO	module:_logger
Logging into `biocypher-log/biocypher-20241003-170907.log`.
2024-10-03 17:09:07,608	DEBUG	module:_get
Loading module biocypher._get.
2024-10-03 17:09:07,691	DEBUG	module:_misc
Loading module biocypher._misc.
2024-10-03 17:09:09,396	DEBUG	module:_core
Loading module biocypher._core.
2024-10-03 17:09:09,398	DEBUG	module:_create
Loading module biocypher._create.
2024-10-03 17:09:09,405	DEBUG	module:_mapping
Loading module biocypher._mapping.
2024-10-03 17:09:09,407	DEBUG	module:_ontology
Loading module biocypher._ontology.
2024-10-03 17:09:09,534	DEBUG	module:_translate
Loading module biocypher._translate.
2024-10-03 17:09:09,535	DEBUG	module:_deduplicate
Loading module biocypher._deduplicate.
2024-10-03 17:09:09,547	DEBUG	module:_get_writer
Loading module biocypher.output.write._get_writer.
2024-10-03 17:09:09,549	DEBUG	module:_neo4j_driver
Loading module biocypher.output.connect._neo4j_driver.
