2024-10-03 17:06:55,652	INFO	module:_logger
This is BioCypher v0.6.0.
2024-10-03 17:06:55,689	INFO	module:_logger
Logging into `biocypher-log/biocypher-20241003-170655.log`.
2024-10-03 17:06:55,786	DEBUG	module:_get
Loading module biocypher._get.
2024-10-03 17:06:56,239	DEBUG	module:_misc
Loading module biocypher._misc.
2024-10-03 17:07:04,332	DEBUG	module:_core
Loading module biocypher._core.
2024-10-03 17:07:04,342	DEBUG	module:_create
Loading module biocypher._create.
2024-10-03 17:07:04,366	DEBUG	module:_mapping
Loading module biocypher._mapping.
2024-10-03 17:07:04,374	DEBUG	module:_ontology
Loading module biocypher._ontology.
2024-10-03 17:07:04,798	DEBUG	module:_translate
Loading module biocypher._translate.
2024-10-03 17:07:04,801	DEBUG	module:_deduplicate
Loading module biocypher._deduplicate.
2024-10-03 17:07:04,836	DEBUG	module:_get_writer
Loading module biocypher.output.write._get_writer.
2024-10-03 17:07:04,838	DEBUG	module:_neo4j_driver
Loading module biocypher.output.connect._neo4j_driver.
